<?xml version="1.0" encoding="UTF-8"?>
<testng-results skipped="0" failed="0" ignored="0" total="1" passed="1">
  <reporter-output>
  </reporter-output>
  <suite name="Default suite" duration-ms="17540" started-at="2018-12-20T04:21:35Z" finished-at="2018-12-20T04:21:52Z">
    <groups>
    </groups>
    <test name="Default test" duration-ms="17540" started-at="2018-12-20T04:21:35Z" finished-at="2018-12-20T04:21:52Z">
      <class name="com.training.sanity.tests.SignupTests">
        <test-method status="PASS" signature="setUpBeforeClass()[pri:0, instance:com.training.sanity.tests.SignupTests@27efef64]" name="setUpBeforeClass" is-config="true" duration-ms="20" started-at="2018-12-20T04:21:35Z" finished-at="2018-12-20T04:21:35Z">
          <reporter-output>
          </reporter-output>
        </test-method> <!-- setUpBeforeClass -->
        <test-method status="PASS" signature="setUp()[pri:0, instance:com.training.sanity.tests.SignupTests@27efef64]" name="setUp" is-config="true" duration-ms="9563" started-at="2018-12-20T04:21:35Z" finished-at="2018-12-20T04:21:44Z">
          <reporter-output>
          </reporter-output>
        </test-method> <!-- setUp -->
        <test-method status="PASS" signature="signUp()[pri:0, instance:com.training.sanity.tests.SignupTests@27efef64]" name="signUp" duration-ms="5740" started-at="2018-12-20T04:21:44Z" finished-at="2018-12-20T04:21:50Z">
          <reporter-output>
          </reporter-output>
        </test-method> <!-- signUp -->
        <test-method status="PASS" signature="tearDown()[pri:0, instance:com.training.sanity.tests.SignupTests@27efef64]" name="tearDown" is-config="true" duration-ms="2215" started-at="2018-12-20T04:21:50Z" finished-at="2018-12-20T04:21:52Z">
          <reporter-output>
          </reporter-output>
        </test-method> <!-- tearDown -->
      </class> <!-- com.training.sanity.tests.SignupTests -->
    </test> <!-- Default test -->
  </suite> <!-- Default suite -->
</testng-results>
